0 info it worked if it ends with ok
1 verbose cli [ 'C:\\Program Files (x86)\\nodejs\\node.exe',
1 verbose cli   'C:\\Program Files (x86)\\nodejs\\node_modules\\npm\\bin\\npm-cli.js',
1 verbose cli   'run',
1 verbose cli   'start' ]
2 info using npm@3.3.12
3 info using node@v5.4.0
4 verbose run-script [ 'prestart', 'start', 'poststart' ]
5 info lifecycle pollster-server@1.0.0~prestart: pollster-server@1.0.0
6 verbose lifecycle pollster-server@1.0.0~prestart: unsafe-perm in lifecycle true
7 verbose lifecycle pollster-server@1.0.0~prestart: PATH: C:\Program Files (x86)\nodejs\node_modules\npm\bin\node-gyp-bin;F:\Github\Pollster\server\node_modules\.bin;C:\Program Files (x86)\Common Files\Oracle\Java\javapath;C:\Program Files (x86)\Razer Chroma SDK\bin;C:\Program Files\Razer Chroma SDK\bin;C:\ProgramData\Oracle\Java\javapath;C:\Program Files (x86)\Java\jre7\bin;C:\Program Files (x86)\nodejs\;C:\WINDOWS\system32;C:\WINDOWS;C:\WINDOWS\System32\Wbem;C:\WINDOWS\System32\WindowsPowerShell\v1.0\;C:\Program Files (x86)\NVIDIA Corporation\PhysX\Common;C:\Program Files (x86)\Brackets\command;C:\Program Files (x86)\Skype\Phone\;C:\WINDOWS\system32;C:\WINDOWS;C:\WINDOWS\System32\Wbem;C:\WINDOWS\System32\WindowsPowerShell\v1.0\;C:\Program Files (x86)\GtkSharp\2.12\bin;C:\WINDOWS\System32\OpenSSH\;C:\Program Files\NVIDIA Corporation\NVIDIA NvDLISR;C:\Program Files\Git\cmd;C:\Program Files (x86)\Java\jre7\bin;C:\Users\Anton\AppData\Roaming\npm;C:\Users\Anton\AppData\Local\Microsoft\WindowsApps;;C:\Users\Anton\AppData\Local\Programs\Microsoft VS Code\bin
8 verbose lifecycle pollster-server@1.0.0~prestart: CWD: F:\Github\Pollster\server
9 silly lifecycle pollster-server@1.0.0~prestart: Args: [ '/d /s /c', 'npm run build' ]
10 silly lifecycle pollster-server@1.0.0~prestart: Returned: code: 1  signal: null
11 info lifecycle pollster-server@1.0.0~prestart: Failed to exec prestart script
12 verbose stack Error: pollster-server@1.0.0 prestart: `npm run build`
12 verbose stack Exit status 1
12 verbose stack     at EventEmitter.<anonymous> (C:\Program Files (x86)\nodejs\node_modules\npm\lib\utils\lifecycle.js:232:16)
12 verbose stack     at emitTwo (events.js:87:13)
12 verbose stack     at EventEmitter.emit (events.js:172:7)
12 verbose stack     at ChildProcess.<anonymous> (C:\Program Files (x86)\nodejs\node_modules\npm\lib\utils\spawn.js:24:14)
12 verbose stack     at emitTwo (events.js:87:13)
12 verbose stack     at ChildProcess.emit (events.js:172:7)
12 verbose stack     at maybeClose (internal/child_process.js:821:16)
12 verbose stack     at Process.ChildProcess._handle.onexit (internal/child_process.js:211:5)
13 verbose pkgid pollster-server@1.0.0
14 verbose cwd F:\Github\Pollster\server
15 error Windows_NT 10.0.17134
16 error argv "C:\\Program Files (x86)\\nodejs\\node.exe" "C:\\Program Files (x86)\\nodejs\\node_modules\\npm\\bin\\npm-cli.js" "run" "start"
17 error node v5.4.0
18 error npm  v3.3.12
19 error code ELIFECYCLE
20 error pollster-server@1.0.0 prestart: `npm run build`
20 error Exit status 1
21 error Failed at the pollster-server@1.0.0 prestart script 'npm run build'.
21 error Make sure you have the latest version of node.js and npm installed.
21 error If you do, this is most likely a problem with the pollster-server package,
21 error not with npm itself.
21 error Tell the author that this fails on your system:
21 error     npm run build
21 error You can get their info via:
21 error     npm owner ls pollster-server
21 error There is likely additional logging output above.
22 verbose exit [ 1, true ]
